<?xml version="1.0" encoding="UTF-8"?>
<testng-results skipped="0" failed="0" ignored="0" total="1" passed="1">
  <reporter-output>
  </reporter-output>
  <suite name="Suite" duration-ms="105783" started-at="2022-02-03T16:42:40 IST" finished-at="2022-02-03T16:44:26 IST">
    <groups>
      <group name="cucumber">
        <method signature="AbstractTestNGCucumberTests.feature(cucumber.api.testng.CucumberFeatureWrapper)[pri:0, instance:cucumberOptions.TestRunner@31368b99]" name="feature" class="cucumber.api.testng.AbstractTestNGCucumberTests"/>
      </group> <!-- cucumber -->
    </groups>
    <test name="Test" duration-ms="105783" started-at="2022-02-03T16:42:40 IST" finished-at="2022-02-03T16:44:26 IST">
      <class name="cucumberOptions.TestRunner">
        <test-method status="PASS" signature="setUpClass()[pri:0, instance:cucumberOptions.TestRunner@31368b99]" name="setUpClass" is-config="true" duration-ms="694" started-at="2022-02-03T16:42:40 IST" finished-at="2022-02-03T16:42:41 IST">
          <reporter-output>
          </reporter-output>
        </test-method> <!-- setUpClass -->
        <test-method status="PASS" signature="feature(cucumber.api.testng.CucumberFeatureWrapper)[pri:0, instance:cucumberOptions.TestRunner@31368b99]" name="feature" duration-ms="104853" started-at="2022-02-03T16:42:41 IST" description="Runs Cucumber Feature" data-provider="features" finished-at="2022-02-03T16:44:26 IST">
          <params>
            <param index="0">
              <value>
                <![CDATA[Application Login]]>
              </value>
            </param>
          </params>
          <reporter-output>
          </reporter-output>
        </test-method> <!-- feature -->
        <test-method status="PASS" signature="tearDownClass()[pri:0, instance:cucumberOptions.TestRunner@31368b99]" name="tearDownClass" is-config="true" duration-ms="7" started-at="2022-02-03T16:44:26 IST" finished-at="2022-02-03T16:44:26 IST">
          <reporter-output>
          </reporter-output>
        </test-method> <!-- tearDownClass -->
      </class> <!-- cucumberOptions.TestRunner -->
    </test> <!-- Test -->
  </suite> <!-- Suite -->
</testng-results>
